Started GET "/users" for 127.0.0.1 at 2021-09-15 11:51:51 +0700
  [1m[35m (15.4ms)[0m  [1m[34mSELECT `schema_migrations`.`version` FROM `schema_migrations` ORDER BY `schema_migrations`.`version` ASC[0m
  
ActionController::RoutingError (No route matches [GET] "/users"):
  
Started GET "/" for 127.0.0.1 at 2021-09-15 11:51:56 +0700
Processing by Rails::WelcomeController#index as HTML
  Rendering /home/hiep/.rvm/gems/ruby-2.7.1/gems/railties-6.1.4.1/lib/rails/templates/rails/welcome/index.html.erb
  Rendered /home/hiep/.rvm/gems/ruby-2.7.1/gems/railties-6.1.4.1/lib/rails/templates/rails/welcome/index.html.erb (Duration: 11.6ms | Allocations: 220)
Completed 200 OK in 18ms (Views: 14.8ms | ActiveRecord: 0.0ms | Allocations: 1804)


Started GET "/home" for 127.0.0.1 at 2021-09-15 11:52:02 +0700
Processing by StaticPagesController#home as HTML
  Rendering layout layouts/application.html.erb
  Rendering static_pages/home.html.erb within layouts/application
  Rendered static_pages/home.html.erb within layouts/application (Duration: 4.5ms | Allocations: 1416)
[Webpacker] Everything's up-to-date. Nothing to do
  Rendered shared/_header.html.erb (Duration: 1.5ms | Allocations: 1002)
  Rendered layout layouts/application.html.erb (Duration: 179.2ms | Allocations: 20918)
Completed 200 OK in 188ms (Views: 185.1ms | ActiveRecord: 0.0ms | Allocations: 22102)


Started GET "/home" for 127.0.0.1 at 2021-09-15 11:52:04 +0700
Processing by StaticPagesController#home as HTML
  Rendering layout layouts/application.html.erb
  Rendering static_pages/home.html.erb within layouts/application
  Rendered static_pages/home.html.erb within layouts/application (Duration: 0.5ms | Allocations: 132)
[Webpacker] Everything's up-to-date. Nothing to do
  Rendered shared/_header.html.erb (Duration: 3.1ms | Allocations: 375)
  Rendered layout layouts/application.html.erb (Duration: 58.5ms | Allocations: 7682)
Completed 200 OK in 61ms (Views: 59.6ms | ActiveRecord: 0.0ms | Allocations: 8083)


